2014/04/12 23:35:33 [error] [php] include(CWechat.php) [<a href='function.include'>function.include</a>]: failed to open stream: No such file or directory (/Applications/XAMPP/xamppfiles/htdocs/yii/framework/YiiBase.php:427)
Stack trace:
#0 /Applications/XAMPP/xamppfiles/htdocs/weixin/protected/controllers/SiteController.php(115): spl_autoload_call()
#1 /Applications/XAMPP/xamppfiles/htdocs/yii/framework/web/actions/CInlineAction.php(49): SiteController->actionLogin()
#2 /Applications/XAMPP/xamppfiles/htdocs/yii/framework/web/CController.php(308): CInlineAction->runWithParams()
#3 /Applications/XAMPP/xamppfiles/htdocs/yii/framework/web/CController.php(286): SiteController->runAction()
#4 /Applications/XAMPP/xamppfiles/htdocs/yii/framework/web/CController.php(265): SiteController->runActionWithFilters()
#5 /Applications/XAMPP/xamppfiles/htdocs/yii/framework/web/CWebApplication.php(282): SiteController->run()
#6 /Applications/XAMPP/xamppfiles/htdocs/yii/framework/web/CWebApplication.php(141): CWebApplication->runController()
#7 /Applications/XAMPP/xamppfiles/htdocs/yii/framework/base/CApplication.php(180): CWebApplication->processRequest()
#8 /Applications/XAMPP/xamppfiles/htdocs/weixin/index.php(13): CWebApplication->run()
REQUEST_URI=/weixin/index.php?r=site/login
in /Applications/XAMPP/xamppfiles/htdocs/weixin/protected/controllers/SiteController.php (115)
in /Applications/XAMPP/xamppfiles/htdocs/weixin/index.php (13)
2014/04/12 23:36:18 [error] [php] include(CWeChat.php) [<a href='function.include'>function.include</a>]: failed to open stream: No such file or directory (/Applications/XAMPP/xamppfiles/htdocs/yii/framework/YiiBase.php:427)
Stack trace:
#0 /Applications/XAMPP/xamppfiles/htdocs/weixin/protected/controllers/SiteController.php(115): spl_autoload_call()
#1 /Applications/XAMPP/xamppfiles/htdocs/yii/framework/web/actions/CInlineAction.php(49): SiteController->actionLogin()
#2 /Applications/XAMPP/xamppfiles/htdocs/yii/framework/web/CController.php(308): CInlineAction->runWithParams()
#3 /Applications/XAMPP/xamppfiles/htdocs/yii/framework/web/CController.php(286): SiteController->runAction()
#4 /Applications/XAMPP/xamppfiles/htdocs/yii/framework/web/CController.php(265): SiteController->runActionWithFilters()
#5 /Applications/XAMPP/xamppfiles/htdocs/yii/framework/web/CWebApplication.php(282): SiteController->run()
#6 /Applications/XAMPP/xamppfiles/htdocs/yii/framework/web/CWebApplication.php(141): CWebApplication->runController()
#7 /Applications/XAMPP/xamppfiles/htdocs/yii/framework/base/CApplication.php(180): CWebApplication->processRequest()
#8 /Applications/XAMPP/xamppfiles/htdocs/weixin/index.php(13): CWebApplication->run()
REQUEST_URI=/weixin/index.php?r=site/login
in /Applications/XAMPP/xamppfiles/htdocs/weixin/protected/controllers/SiteController.php (115)
in /Applications/XAMPP/xamppfiles/htdocs/weixin/index.php (13)
2014/04/12 23:36:49 [error] [php] include(CWeChat.php) [<a href='function.include'>function.include</a>]: failed to open stream: No such file or directory (/Applications/XAMPP/xamppfiles/htdocs/yii/framework/YiiBase.php:427)
Stack trace:
#0 /Applications/XAMPP/xamppfiles/htdocs/weixin/protected/controllers/SiteController.php(115): spl_autoload_call()
#1 /Applications/XAMPP/xamppfiles/htdocs/yii/framework/web/actions/CInlineAction.php(49): SiteController->actionLogin()
#2 /Applications/XAMPP/xamppfiles/htdocs/yii/framework/web/CController.php(308): CInlineAction->runWithParams()
#3 /Applications/XAMPP/xamppfiles/htdocs/yii/framework/web/CController.php(286): SiteController->runAction()
#4 /Applications/XAMPP/xamppfiles/htdocs/yii/framework/web/CController.php(265): SiteController->runActionWithFilters()
#5 /Applications/XAMPP/xamppfiles/htdocs/yii/framework/web/CWebApplication.php(282): SiteController->run()
#6 /Applications/XAMPP/xamppfiles/htdocs/yii/framework/web/CWebApplication.php(141): CWebApplication->runController()
#7 /Applications/XAMPP/xamppfiles/htdocs/yii/framework/base/CApplication.php(180): CWebApplication->processRequest()
#8 /Applications/XAMPP/xamppfiles/htdocs/weixin/index.php(13): CWebApplication->run()
REQUEST_URI=/weixin/index.php?r=site/login
in /Applications/XAMPP/xamppfiles/htdocs/weixin/protected/controllers/SiteController.php (115)
in /Applications/XAMPP/xamppfiles/htdocs/weixin/index.php (13)
2014/04/12 23:48:14 [error] [php] Use of undefined constant appID - assumed 'appID' (/Applications/XAMPP/xamppfiles/htdocs/weixin/protected/helpers/CWeChat.php:8)
Stack trace:
#0 /Applications/XAMPP/xamppfiles/htdocs/yii/framework/web/actions/CInlineAction.php(49): SiteController->actionLogin()
#1 /Applications/XAMPP/xamppfiles/htdocs/yii/framework/web/CController.php(308): CInlineAction->runWithParams()
#2 /Applications/XAMPP/xamppfiles/htdocs/yii/framework/web/CController.php(286): SiteController->runAction()
#3 /Applications/XAMPP/xamppfiles/htdocs/yii/framework/web/CController.php(265): SiteController->runActionWithFilters()
#4 /Applications/XAMPP/xamppfiles/htdocs/yii/framework/web/CWebApplication.php(282): SiteController->run()
#5 /Applications/XAMPP/xamppfiles/htdocs/yii/framework/web/CWebApplication.php(141): CWebApplication->runController()
#6 /Applications/XAMPP/xamppfiles/htdocs/yii/framework/base/CApplication.php(180): CWebApplication->processRequest()
#7 /Applications/XAMPP/xamppfiles/htdocs/weixin/index.php(14): CWebApplication->run()
REQUEST_URI=/weixin/index.php?r=site/login
in /Applications/XAMPP/xamppfiles/htdocs/weixin/protected/helpers/CWeChat.php (8)
in /Applications/XAMPP/xamppfiles/htdocs/weixin/protected/helpers/CWeChat.php (20)
in /Applications/XAMPP/xamppfiles/htdocs/weixin/protected/controllers/SiteController.php (116)
2014/04/12 23:48:53 [error] [php] Use of undefined constant appID - assumed 'appID' (/Applications/XAMPP/xamppfiles/htdocs/weixin/protected/helpers/CWeChat.php:8)
Stack trace:
#0 /Applications/XAMPP/xamppfiles/htdocs/yii/framework/web/actions/CInlineAction.php(49): SiteController->actionLogin()
#1 /Applications/XAMPP/xamppfiles/htdocs/yii/framework/web/CController.php(308): CInlineAction->runWithParams()
#2 /Applications/XAMPP/xamppfiles/htdocs/yii/framework/web/CController.php(286): SiteController->runAction()
#3 /Applications/XAMPP/xamppfiles/htdocs/yii/framework/web/CController.php(265): SiteController->runActionWithFilters()
#4 /Applications/XAMPP/xamppfiles/htdocs/yii/framework/web/CWebApplication.php(282): SiteController->run()
#5 /Applications/XAMPP/xamppfiles/htdocs/yii/framework/web/CWebApplication.php(141): CWebApplication->runController()
#6 /Applications/XAMPP/xamppfiles/htdocs/yii/framework/base/CApplication.php(180): CWebApplication->processRequest()
#7 /Applications/XAMPP/xamppfiles/htdocs/weixin/index.php(14): CWebApplication->run()
REQUEST_URI=/weixin/index.php?r=site/login
in /Applications/XAMPP/xamppfiles/htdocs/weixin/protected/helpers/CWeChat.php (8)
in /Applications/XAMPP/xamppfiles/htdocs/weixin/protected/helpers/CWeChat.php (20)
in /Applications/XAMPP/xamppfiles/htdocs/weixin/protected/controllers/SiteController.php (116)
2014/04/12 23:48:54 [error] [php] Use of undefined constant appID - assumed 'appID' (/Applications/XAMPP/xamppfiles/htdocs/weixin/protected/helpers/CWeChat.php:8)
Stack trace:
#0 /Applications/XAMPP/xamppfiles/htdocs/yii/framework/web/actions/CInlineAction.php(49): SiteController->actionLogin()
#1 /Applications/XAMPP/xamppfiles/htdocs/yii/framework/web/CController.php(308): CInlineAction->runWithParams()
#2 /Applications/XAMPP/xamppfiles/htdocs/yii/framework/web/CController.php(286): SiteController->runAction()
#3 /Applications/XAMPP/xamppfiles/htdocs/yii/framework/web/CController.php(265): SiteController->runActionWithFilters()
#4 /Applications/XAMPP/xamppfiles/htdocs/yii/framework/web/CWebApplication.php(282): SiteController->run()
#5 /Applications/XAMPP/xamppfiles/htdocs/yii/framework/web/CWebApplication.php(141): CWebApplication->runController()
#6 /Applications/XAMPP/xamppfiles/htdocs/yii/framework/base/CApplication.php(180): CWebApplication->processRequest()
#7 /Applications/XAMPP/xamppfiles/htdocs/weixin/index.php(14): CWebApplication->run()
REQUEST_URI=/weixin/index.php?r=site/login
in /Applications/XAMPP/xamppfiles/htdocs/weixin/protected/helpers/CWeChat.php (8)
in /Applications/XAMPP/xamppfiles/htdocs/weixin/protected/helpers/CWeChat.php (20)
in /Applications/XAMPP/xamppfiles/htdocs/weixin/protected/controllers/SiteController.php (116)
2014/04/14 11:35:40 [error] [exception.CException] exception 'CException' with message 'CClientScript and its behaviors do not have a method or closure named "registerCodeScript".' in /Applications/XAMPP/xamppfiles/htdocs/yii/framework/base/CComponent.php:266
Stack trace:
#0 [internal function]: CComponent->__call('registerCodeScr...', Array)
#1 /Applications/XAMPP/xamppfiles/htdocs/weixin/protected/views/layouts/mobile.php(6): CClientScript->registerCodeScript('jquery')
#2 /Applications/XAMPP/xamppfiles/htdocs/yii/framework/web/CBaseController.php(126): require('/Applications/X...')
#3 /Applications/XAMPP/xamppfiles/htdocs/yii/framework/web/CBaseController.php(95): CBaseController->renderInternal('/Applications/X...', Array, true)
#4 /Applications/XAMPP/xamppfiles/htdocs/yii/framework/web/CController.php(784): CBaseController->renderFile('/Applications/X...', Array, true)
#5 /Applications/XAMPP/xamppfiles/htdocs/weixin/protected/controllers/SiteController.php(32): CController->render('index')
#6 /Applications/XAMPP/xamppfiles/htdocs/yii/framework/web/actions/CInlineAction.php(49): SiteController->actionIndex()
#7 /Applications/XAMPP/xamppfiles/htdocs/yii/framework/web/CController.php(308): CInlineAction->runWithParams(Array)
#8 /Applications/XAMPP/xamppfiles/htdocs/yii/framework/web/CController.php(286): CController->runAction(Object(CInlineAction))
#9 /Applications/XAMPP/xamppfiles/htdocs/yii/framework/web/CController.php(265): CController->runActionWithFilters(Object(CInlineAction), Array)
#10 /Applications/XAMPP/xamppfiles/htdocs/yii/framework/web/CWebApplication.php(282): CController->run('')
#11 /Applications/XAMPP/xamppfiles/htdocs/yii/framework/web/CWebApplication.php(141): CWebApplication->runController('')
#12 /Applications/XAMPP/xamppfiles/htdocs/yii/framework/base/CApplication.php(180): CWebApplication->processRequest()
#13 /Applications/XAMPP/xamppfiles/htdocs/weixin/index.php(14): CApplication->run()
#14 {main}
REQUEST_URI=/weixin/index.php?
---
2014/04/14 11:35:40 [error] [exception.CException] exception 'CException' with message 'CClientScript and its behaviors do not have a method or closure named "registerCodeScript".' in /Applications/XAMPP/xamppfiles/htdocs/yii/framework/base/CComponent.php:266
Stack trace:
#0 [internal function]: CComponent->__call('registerCodeScr...', Array)
#1 /Applications/XAMPP/xamppfiles/htdocs/weixin/protected/views/layouts/mobile.php(6): CClientScript->registerCodeScript('jquery')
#2 /Applications/XAMPP/xamppfiles/htdocs/yii/framework/web/CBaseController.php(126): require('/Applications/X...')
#3 /Applications/XAMPP/xamppfiles/htdocs/yii/framework/web/CBaseController.php(95): CBaseController->renderInternal('/Applications/X...', Array, true)
#4 /Applications/XAMPP/xamppfiles/htdocs/yii/framework/web/CController.php(784): CBaseController->renderFile('/Applications/X...', Array, true)
#5 /Applications/XAMPP/xamppfiles/htdocs/weixin/protected/controllers/SiteController.php(32): CController->render('index')
#6 /Applications/XAMPP/xamppfiles/htdocs/yii/framework/web/actions/CInlineAction.php(49): SiteController->actionIndex()
#7 /Applications/XAMPP/xamppfiles/htdocs/yii/framework/web/CController.php(308): CInlineAction->runWithParams(Array)
#8 /Applications/XAMPP/xamppfiles/htdocs/yii/framework/web/CController.php(286): CController->runAction(Object(CInlineAction))
#9 /Applications/XAMPP/xamppfiles/htdocs/yii/framework/web/CController.php(265): CController->runActionWithFilters(Object(CInlineAction), Array)
#10 /Applications/XAMPP/xamppfiles/htdocs/yii/framework/web/CWebApplication.php(282): CController->run('')
#11 /Applications/XAMPP/xamppfiles/htdocs/yii/framework/web/CWebApplication.php(141): CWebApplication->runController('')
#12 /Applications/XAMPP/xamppfiles/htdocs/yii/framework/base/CApplication.php(180): CWebApplication->processRequest()
#13 /Applications/XAMPP/xamppfiles/htdocs/weixin/index.php(14): CApplication->run()
#14 {main}
REQUEST_URI=/weixin/index.php
---
2014/04/14 11:36:30 [error] [exception.CException] exception 'CException' with message 'CClientScript and its behaviors do not have a method or closure named "regestCodeScript".' in /Applications/XAMPP/xamppfiles/htdocs/yii/framework/base/CComponent.php:266
Stack trace:
#0 [internal function]: CComponent->__call('regestCodeScrip...', Array)
#1 /Applications/XAMPP/xamppfiles/htdocs/weixin/protected/views/layouts/mobile.php(6): CClientScript->regestCodeScript('jquery')
#2 /Applications/XAMPP/xamppfiles/htdocs/yii/framework/web/CBaseController.php(126): require('/Applications/X...')
#3 /Applications/XAMPP/xamppfiles/htdocs/yii/framework/web/CBaseController.php(95): CBaseController->renderInternal('/Applications/X...', Array, true)
#4 /Applications/XAMPP/xamppfiles/htdocs/yii/framework/web/CController.php(784): CBaseController->renderFile('/Applications/X...', Array, true)
#5 /Applications/XAMPP/xamppfiles/htdocs/weixin/protected/controllers/SiteController.php(32): CController->render('index')
#6 /Applications/XAMPP/xamppfiles/htdocs/yii/framework/web/actions/CInlineAction.php(49): SiteController->actionIndex()
#7 /Applications/XAMPP/xamppfiles/htdocs/yii/framework/web/CController.php(308): CInlineAction->runWithParams(Array)
#8 /Applications/XAMPP/xamppfiles/htdocs/yii/framework/web/CController.php(286): CController->runAction(Object(CInlineAction))
#9 /Applications/XAMPP/xamppfiles/htdocs/yii/framework/web/CController.php(265): CController->runActionWithFilters(Object(CInlineAction), Array)
#10 /Applications/XAMPP/xamppfiles/htdocs/yii/framework/web/CWebApplication.php(282): CController->run('')
#11 /Applications/XAMPP/xamppfiles/htdocs/yii/framework/web/CWebApplication.php(141): CWebApplication->runController('')
#12 /Applications/XAMPP/xamppfiles/htdocs/yii/framework/base/CApplication.php(180): CWebApplication->processRequest()
#13 /Applications/XAMPP/xamppfiles/htdocs/weixin/index.php(14): CApplication->run()
#14 {main}
REQUEST_URI=/weixin/index.php
---
2014/04/14 11:38:39 [error] [exception.CException] exception 'CException' with message 'CClientScript and its behaviors do not have a method or closure named "regestCoreScript".' in /Applications/XAMPP/xamppfiles/htdocs/yii/framework/base/CComponent.php:266
Stack trace:
#0 [internal function]: CComponent->__call('regestCoreScrip...', Array)
#1 /Applications/XAMPP/xamppfiles/htdocs/weixin/protected/views/layouts/mobile.php(6): CClientScript->regestCoreScript('jquery')
#2 /Applications/XAMPP/xamppfiles/htdocs/yii/framework/web/CBaseController.php(126): require('/Applications/X...')
#3 /Applications/XAMPP/xamppfiles/htdocs/yii/framework/web/CBaseController.php(95): CBaseController->renderInternal('/Applications/X...', Array, true)
#4 /Applications/XAMPP/xamppfiles/htdocs/yii/framework/web/CController.php(784): CBaseController->renderFile('/Applications/X...', Array, true)
#5 /Applications/XAMPP/xamppfiles/htdocs/weixin/protected/controllers/SiteController.php(32): CController->render('index')
#6 /Applications/XAMPP/xamppfiles/htdocs/yii/framework/web/actions/CInlineAction.php(49): SiteController->actionIndex()
#7 /Applications/XAMPP/xamppfiles/htdocs/yii/framework/web/CController.php(308): CInlineAction->runWithParams(Array)
#8 /Applications/XAMPP/xamppfiles/htdocs/yii/framework/web/CController.php(286): CController->runAction(Object(CInlineAction))
#9 /Applications/XAMPP/xamppfiles/htdocs/yii/framework/web/CController.php(265): CController->runActionWithFilters(Object(CInlineAction), Array)
#10 /Applications/XAMPP/xamppfiles/htdocs/yii/framework/web/CWebApplication.php(282): CController->run('')
#11 /Applications/XAMPP/xamppfiles/htdocs/yii/framework/web/CWebApplication.php(141): CWebApplication->runController('')
#12 /Applications/XAMPP/xamppfiles/htdocs/yii/framework/base/CApplication.php(180): CWebApplication->processRequest()
#13 /Applications/XAMPP/xamppfiles/htdocs/weixin/index.php(14): CApplication->run()
#14 {main}
REQUEST_URI=/weixin/index.php
---
2014/04/14 11:38:53 [error] [exception.CException] exception 'CException' with message 'CClientScript and its behaviors do not have a method or closure named "regesterCoreScript".' in /Applications/XAMPP/xamppfiles/htdocs/yii/framework/base/CComponent.php:266
Stack trace:
#0 [internal function]: CComponent->__call('regesterCoreScr...', Array)
#1 /Applications/XAMPP/xamppfiles/htdocs/weixin/protected/views/layouts/mobile.php(6): CClientScript->regesterCoreScript('jquery')
#2 /Applications/XAMPP/xamppfiles/htdocs/yii/framework/web/CBaseController.php(126): require('/Applications/X...')
#3 /Applications/XAMPP/xamppfiles/htdocs/yii/framework/web/CBaseController.php(95): CBaseController->renderInternal('/Applications/X...', Array, true)
#4 /Applications/XAMPP/xamppfiles/htdocs/yii/framework/web/CController.php(784): CBaseController->renderFile('/Applications/X...', Array, true)
#5 /Applications/XAMPP/xamppfiles/htdocs/weixin/protected/controllers/SiteController.php(32): CController->render('index')
#6 /Applications/XAMPP/xamppfiles/htdocs/yii/framework/web/actions/CInlineAction.php(49): SiteController->actionIndex()
#7 /Applications/XAMPP/xamppfiles/htdocs/yii/framework/web/CController.php(308): CInlineAction->runWithParams(Array)
#8 /Applications/XAMPP/xamppfiles/htdocs/yii/framework/web/CController.php(286): CController->runAction(Object(CInlineAction))
#9 /Applications/XAMPP/xamppfiles/htdocs/yii/framework/web/CController.php(265): CController->runActionWithFilters(Object(CInlineAction), Array)
#10 /Applications/XAMPP/xamppfiles/htdocs/yii/framework/web/CWebApplication.php(282): CController->run('')
#11 /Applications/XAMPP/xamppfiles/htdocs/yii/framework/web/CWebApplication.php(141): CWebApplication->runController('')
#12 /Applications/XAMPP/xamppfiles/htdocs/yii/framework/base/CApplication.php(180): CWebApplication->processRequest()
#13 /Applications/XAMPP/xamppfiles/htdocs/weixin/index.php(14): CApplication->run()
#14 {main}
REQUEST_URI=/weixin/index.php
---
2014/04/14 11:52:10 [error] [exception.CException] exception 'CException' with message 'CClientScript and its behaviors do not have a method or closure named "regestCoreScript".' in /Applications/XAMPP/xamppfiles/htdocs/yii/framework/base/CComponent.php:266
Stack trace:
#0 [internal function]: CComponent->__call('regestCoreScrip...', Array)
#1 /Applications/XAMPP/xamppfiles/htdocs/weixin/protected/views/layouts/mobile.php(6): CClientScript->regestCoreScript('jquery')
#2 /Applications/XAMPP/xamppfiles/htdocs/yii/framework/web/CBaseController.php(126): require('/Applications/X...')
#3 /Applications/XAMPP/xamppfiles/htdocs/yii/framework/web/CBaseController.php(95): CBaseController->renderInternal('/Applications/X...', Array, true)
#4 /Applications/XAMPP/xamppfiles/htdocs/yii/framework/web/CController.php(784): CBaseController->renderFile('/Applications/X...', Array, true)
#5 /Applications/XAMPP/xamppfiles/htdocs/weixin/protected/controllers/SiteController.php(32): CController->render('index')
#6 /Applications/XAMPP/xamppfiles/htdocs/yii/framework/web/actions/CInlineAction.php(49): SiteController->actionIndex()
#7 /Applications/XAMPP/xamppfiles/htdocs/yii/framework/web/CController.php(308): CInlineAction->runWithParams(Array)
#8 /Applications/XAMPP/xamppfiles/htdocs/yii/framework/web/CController.php(286): CController->runAction(Object(CInlineAction))
#9 /Applications/XAMPP/xamppfiles/htdocs/yii/framework/web/CController.php(265): CController->runActionWithFilters(Object(CInlineAction), Array)
#10 /Applications/XAMPP/xamppfiles/htdocs/yii/framework/web/CWebApplication.php(282): CController->run('')
#11 /Applications/XAMPP/xamppfiles/htdocs/yii/framework/web/CWebApplication.php(141): CWebApplication->runController('')
#12 /Applications/XAMPP/xamppfiles/htdocs/yii/framework/base/CApplication.php(180): CWebApplication->processRequest()
#13 /Applications/XAMPP/xamppfiles/htdocs/weixin/index.php(14): CApplication->run()
#14 {main}
REQUEST_URI=/weixin/index.php
---
2014/04/14 11:53:21 [error] [php] Object of class CClientScript could not be converted to string (/Applications/XAMPP/xamppfiles/htdocs/weixin/protected/views/layouts/mobile.php:6)
Stack trace:
#0 /Applications/XAMPP/xamppfiles/htdocs/yii/framework/web/CController.php(784): SiteController->renderFile()
#1 /Applications/XAMPP/xamppfiles/htdocs/weixin/protected/controllers/SiteController.php(32): SiteController->render()
#2 /Applications/XAMPP/xamppfiles/htdocs/yii/framework/web/actions/CInlineAction.php(49): SiteController->actionIndex()
#3 /Applications/XAMPP/xamppfiles/htdocs/yii/framework/web/CController.php(308): CInlineAction->runWithParams()
#4 /Applications/XAMPP/xamppfiles/htdocs/yii/framework/web/CController.php(286): SiteController->runAction()
#5 /Applications/XAMPP/xamppfiles/htdocs/yii/framework/web/CController.php(265): SiteController->runActionWithFilters()
#6 /Applications/XAMPP/xamppfiles/htdocs/yii/framework/web/CWebApplication.php(282): SiteController->run()
#7 /Applications/XAMPP/xamppfiles/htdocs/yii/framework/web/CWebApplication.php(141): CWebApplication->runController()
#8 /Applications/XAMPP/xamppfiles/htdocs/yii/framework/base/CApplication.php(180): CWebApplication->processRequest()
#9 /Applications/XAMPP/xamppfiles/htdocs/weixin/index.php(14): CWebApplication->run()
REQUEST_URI=/weixin/index.php
in /Applications/XAMPP/xamppfiles/htdocs/weixin/protected/views/layouts/mobile.php (6)
in /Applications/XAMPP/xamppfiles/htdocs/weixin/protected/controllers/SiteController.php (32)
in /Applications/XAMPP/xamppfiles/htdocs/weixin/index.php (14)
